0 info it worked if it ends with ok
1 verbose cli [ 'C:\\nodejs\\node.exe',
1 verbose cli   'C:\\nodejs\\node_modules\\npm\\bin\\npm-cli.js',
1 verbose cli   'run',
1 verbose cli   'karma' ]
2 info using npm@2.14.7
3 info using node@v4.2.1
4 verbose run-script [ 'prekarma', 'karma', 'postkarma' ]
5 info prekarma react-stack@1.0.0
6 info karma react-stack@1.0.0
7 verbose unsafe-perm in lifecycle true
8 info react-stack@1.0.0 Failed to exec karma script
9 verbose stack Error: react-stack@1.0.0 karma: `./node_modules/karma/bin/karma start karma.config.js`
9 verbose stack Exit status 1
9 verbose stack     at EventEmitter.<anonymous> (C:\nodejs\node_modules\npm\lib\utils\lifecycle.js:214:16)
9 verbose stack     at emitTwo (events.js:87:13)
9 verbose stack     at EventEmitter.emit (events.js:172:7)
9 verbose stack     at ChildProcess.<anonymous> (C:\nodejs\node_modules\npm\lib\utils\spawn.js:24:14)
9 verbose stack     at emitTwo (events.js:87:13)
9 verbose stack     at ChildProcess.emit (events.js:172:7)
9 verbose stack     at maybeClose (internal/child_process.js:818:16)
9 verbose stack     at Process.ChildProcess._handle.onexit (internal/child_process.js:211:5)
10 verbose pkgid react-stack@1.0.0
11 verbose cwd D:\Github-Perso\vuejs\karma\webpack-server-template
12 error Windows_NT 6.3.9600
13 error argv "C:\\nodejs\\node.exe" "C:\\nodejs\\node_modules\\npm\\bin\\npm-cli.js" "run" "karma"
14 error node v4.2.1
15 error npm  v2.14.7
16 error code ELIFECYCLE
17 error react-stack@1.0.0 karma: `./node_modules/karma/bin/karma start karma.config.js`
17 error Exit status 1
18 error Failed at the react-stack@1.0.0 karma script './node_modules/karma/bin/karma start karma.config.js'.
18 error This is most likely a problem with the react-stack package,
18 error not with npm itself.
18 error Tell the author that this fails on your system:
18 error     ./node_modules/karma/bin/karma start karma.config.js
18 error You can get their info via:
18 error     npm owner ls react-stack
18 error There is likely additional logging output above.
19 verbose exit [ 1, true ]
